[1696164492.530][INFO]: Starting ChromeDriver 117.0.5938.88 (be6afae4721209be42944bbcd325665f9f44563b-refs/branch-heads/5938_62@{#9}) on port 61666
[1696164492.530][INFO]: Please see https://chromedriver.chromium.org/security-considerations for suggestions on keeping ChromeDriver safe.
[1696164493.037][INFO]: [78ebea723686803b8437f5bd6336c010] COMMAND InitSession {
   "capabilities": {
      "alwaysMatch": {
         "browserName": "chrome",
         "goog:chromeOptions": {
            "args": [ "--disable-extensions", "--headless" ],
            "extensions": [  ]
         },
         "pageLoadStrategy": "normal"
      },
      "firstMatch": [ {
      } ]
   }
}
[1696164493.041][INFO]: Populating Preferences file: {
   "alternate_error_pages": {
      "enabled": false
   },
   "autofill": {
      "enabled": false
   },
   "browser": {
      "check_default_browser": false
   },
   "distribution": {
      "import_bookmarks": false,
      "import_history": false,
      "import_search_engine": false,
      "make_chrome_default_for_user": false,
      "skip_first_run_ui": true
   },
   "dns_prefetching": {
      "enabled": false
   },
   "profile": {
      "content_settings": {
         "pattern_pairs": {
            "https://*,*": {
               "media-stream": {
                  "audio": "Default",
                  "video": "Default"
               }
            }
         }
      },
      "default_content_setting_values": {
         "geolocation": 1
      },
      "default_content_settings": {
         "geolocation": 1,
         "mouselock": 1,
         "notifications": 1,
         "popups": 1,
         "ppapi-broker": 1
      },
      "password_manager_enabled": false
   },
   "safebrowsing": {
      "enabled": false
   },
   "search": {
      "suggest_enabled": false
   },
   "translate": {
      "enabled": false
   }
}
[1696164493.042][INFO]: Populating Local State file: {
   "background_mode": {
      "enabled": false
   },
   "ssl": {
      "rev_checking": {
         "enabled": false
      }
   }
}
[1696164493.044][INFO]: Launching chrome: "C:\Program Files\Google\Chrome\Application\chrome.exe" --allow-pre-commit-input --disable-background-networking --disable-backgrounding-occluded-windows --disable-client-side-phishing-detection --disable-default-apps --disable-extensions --disable-hang-monitor --disable-popup-blocking --disable-prompt-on-repost --disable-sync --enable-automation --enable-logging --headless --log-level=0 --no-first-run --no-service-autorun --password-store=basic --remote-debugging-port=0 --test-type=webdriver --use-mock-keychain --user-data-dir="C:\Users\JESVIJ~1\AppData\Local\Temp\scoped_dir26056_1189541057" data:,
[1696164493.248][DEBUG]: DevTools HTTP Request: http://localhost:61676/json/version
[1696164493.553][DEBUG]: DevTools HTTP Response: {
   "Browser": "HeadlessChrome/117.0.5938.132",
   "Protocol-Version": "1.3",
   "User-Agent": "Mozilla/5.0 (Windows NT 10.0; Win64; x64) AppleWebKit/537.36 (KHTML, like Gecko) HeadlessChrome/117.0.5938.132 Safari/537.36",
   "V8-Version": "11.7.439.19",
   "WebKit-Version": "537.36 (@fa569fb226df361d676b60404623b17b16dddc8a)",
   "webSocketDebuggerUrl": "ws://localhost:61676/devtools/browser/4dddfec3-826b-48ce-bd04-36a39df2eaee"
}

[1696164493.554][DEBUG]: DevTools HTTP Request: http://localhost:61676/json/list
[1696164493.555][DEBUG]: DevTools HTTP Response: [ {
   "description": "",
   "devtoolsFrontendUrl": "/devtools/inspector.html?ws=localhost:61676/devtools/page/44F2E0610598022B5B7CF0B1F3640A01",
   "id": "44F2E0610598022B5B7CF0B1F3640A01",
   "title": "data:,",
   "type": "page",
   "url": "data:,",
   "webSocketDebuggerUrl": "ws://localhost:61676/devtools/page/44F2E0610598022B5B7CF0B1F3640A01"
} ]

[1696164493.558][INFO]: resolved localhost to ["::1","127.0.0.1"]
[1696164493.559][DEBUG]: DevTools WebSocket Command: Target.getTargets (id=1) (session_id=) browser {
}
[1696164493.560][DEBUG]: DevTools WebSocket Response: Target.getTargets (id=1) (session_id=) browser {
   "targetInfos": [ {
      "attached": false,
      "browserContextId": "7BE97EB0863E1526235540907B306B49",
      "canAccessOpener": false,
      "targetId": "44F2E0610598022B5B7CF0B1F3640A01",
      "title": "data:,",
      "type": "page",
      "url": "data:,"
   } ]
}
[1696164493.560][DEBUG]: DevTools WebSocket Command: Target.attachToTarget (id=2) (session_id=) browser {
   "flatten": true,
   "targetId": "44F2E0610598022B5B7CF0B1F3640A01"
}
[1696164493.561][DEBUG]: DevTools WebSocket Event: Target.attachedToTarget (session_id=) browser {
   "sessionId": "D761EE7F0A5B29F868B62A021B7E5258",
   "targetInfo": {
      "attached": true,
      "browserContextId": "7BE97EB0863E1526235540907B306B49",
      "canAccessOpener": false,
      "targetId": "44F2E0610598022B5B7CF0B1F3640A01",
      "title": "data:,",
      "type": "page",
      "url": "data:,"
   },
   "waitingForDebugger": false
}
[1696164493.561][DEBUG]: DevTools WebSocket Response: Target.attachToTarget (id=2) (session_id=) browser {
   "sessionId": "D761EE7F0A5B29F868B62A021B7E5258"
}
[1696164493.561][DEBUG]: DevTools WebSocket Command: Page.addScriptToEvaluateOnNewDocument (id=3) (session_id=D761EE7F0A5B29F868B62A021B7E5258) 44F2E0610598022B5B7CF0B1F3640A01 {
   "source": "(function () {window.cdc_adoQpoasnfa76pfcZLmcfl_Array = window.Array;window.cdc_adoQpoasnfa76pfcZLmcfl_Object = window.Object;window.cdc_adoQpoasnfa76pfcZLmcfl_Promise = window.Promise;window.cdc_a..."
}
[1696164493.561][DEBUG]: DevTools WebSocket Command: Runtime.evaluate (id=4) (session_id=D761EE7F0A5B29F868B62A021B7E5258) 44F2E0610598022B5B7CF0B1F3640A01 {
   "expression": "(function () {window.cdc_adoQpoasnfa76pfcZLmcfl_Array = window.Array;window.cdc_adoQpoasnfa76pfcZLmcfl_Object = window.Object;window.cdc_adoQpoasnfa76pfcZLmcfl_Promise = window.Promise;window.cdc_a..."
}
[1696164493.561][DEBUG]: DevTools WebSocket Command: Log.enable (id=5) (session_id=D761EE7F0A5B29F868B62A021B7E5258) 44F2E0610598022B5B7CF0B1F3640A01 {
}
[1696164493.561][DEBUG]: DevTools WebSocket Command: Target.setAutoAttach (id=6) (session_id=D761EE7F0A5B29F868B62A021B7E5258) 44F2E0610598022B5B7CF0B1F3640A01 {
   "autoAttach": true,
   "flatten": true,
   "waitForDebuggerOnStart": false
}
[1696164493.561][DEBUG]: DevTools WebSocket Command: Page.enable (id=7) (session_id=D761EE7F0A5B29F868B62A021B7E5258) 44F2E0610598022B5B7CF0B1F3640A01 {
}
[1696164493.561][DEBUG]: DevTools WebSocket Command: Page.enable (id=8) (session_id=D761EE7F0A5B29F868B62A021B7E5258) 44F2E0610598022B5B7CF0B1F3640A01 {
}
[1696164494.103][DEBUG]: DevTools WebSocket Response: Page.addScriptToEvaluateOnNewDocument (id=3) (session_id=D761EE7F0A5B29F868B62A021B7E5258) 44F2E0610598022B5B7CF0B1F3640A01 {
   "identifier": "1"
}
[1696164494.105][DEBUG]: DevTools WebSocket Response: Runtime.evaluate (id=4) (session_id=D761EE7F0A5B29F868B62A021B7E5258) 44F2E0610598022B5B7CF0B1F3640A01 {
   "result": {
      "type": "undefined"
   }
}
[1696164494.105][DEBUG]: DevTools WebSocket Response: Log.enable (id=5) (session_id=D761EE7F0A5B29F868B62A021B7E5258) 44F2E0610598022B5B7CF0B1F3640A01 {
}
[1696164494.105][DEBUG]: DevTools WebSocket Response: Target.setAutoAttach (id=6) (session_id=D761EE7F0A5B29F868B62A021B7E5258) 44F2E0610598022B5B7CF0B1F3640A01 {
}
[1696164494.105][DEBUG]: DevTools WebSocket Response: Page.enable (id=7) (session_id=D761EE7F0A5B29F868B62A021B7E5258) 44F2E0610598022B5B7CF0B1F3640A01 {
}
[1696164494.105][DEBUG]: DevTools WebSocket Response: Page.enable (id=8) (session_id=D761EE7F0A5B29F868B62A021B7E5258) 44F2E0610598022B5B7CF0B1F3640A01 {
}
[1696164494.105][DEBUG]: DevTools WebSocket Command: Runtime.enable (id=9) (session_id=D761EE7F0A5B29F868B62A021B7E5258) 44F2E0610598022B5B7CF0B1F3640A01 {
}
[1696164494.107][DEBUG]: DevTools WebSocket Event: Runtime.executionContextCreated (session_id=D761EE7F0A5B29F868B62A021B7E5258) 44F2E0610598022B5B7CF0B1F3640A01 {
   "context": {
      "auxData": {
         "frameId": "44F2E0610598022B5B7CF0B1F3640A01",
         "isDefault": true,
         "type": "default"
      },
      "id": 1,
      "name": "",
      "origin": "://",
      "uniqueId": "-5652622876637554797.-2450235881675861589"
   }
}
[1696164494.107][DEBUG]: DevTools WebSocket Response: Runtime.enable (id=9) (session_id=D761EE7F0A5B29F868B62A021B7E5258) 44F2E0610598022B5B7CF0B1F3640A01 {
}
[1696164494.107][DEBUG]: DevTools WebSocket Command: Page.enable (id=10) (session_id=D761EE7F0A5B29F868B62A021B7E5258) 44F2E0610598022B5B7CF0B1F3640A01 {
}
[1696164494.107][DEBUG]: DevTools WebSocket Response: Page.enable (id=10) (session_id=D761EE7F0A5B29F868B62A021B7E5258) 44F2E0610598022B5B7CF0B1F3640A01 {
}
[1696164494.107][DEBUG]: DevTools WebSocket Command: Runtime.enable (id=11) (session_id=D761EE7F0A5B29F868B62A021B7E5258) 44F2E0610598022B5B7CF0B1F3640A01 {
}
[1696164494.108][DEBUG]: DevTools WebSocket Response: Runtime.enable (id=11) (session_id=D761EE7F0A5B29F868B62A021B7E5258) 44F2E0610598022B5B7CF0B1F3640A01 {
}
[1696164494.108][DEBUG]: DevTools WebSocket Command: Browser.setDownloadBehavior (id=12) (session_id=D761EE7F0A5B29F868B62A021B7E5258) 44F2E0610598022B5B7CF0B1F3640A01 {
   "behavior": "allow",
   "downloadPath": "."
}
[1696164494.109][DEBUG]: DevTools WebSocket Response: Browser.setDownloadBehavior (id=12) (session_id=D761EE7F0A5B29F868B62A021B7E5258) 44F2E0610598022B5B7CF0B1F3640A01 {
}
[1696164494.109][INFO]: [78ebea723686803b8437f5bd6336c010] RESPONSE InitSession {
   "capabilities": {
      "acceptInsecureCerts": false,
      "browserName": "chrome",
      "browserVersion": "117.0.5938.132",
      "chrome": {
         "chromedriverVersion": "117.0.5938.88 (be6afae4721209be42944bbcd325665f9f44563b-refs/branch-heads/5938_62@{#9})",
         "userDataDir": "C:\\Users\\JESVIJ~1\\AppData\\Local\\Temp\\scoped_dir26056_1189541057"
      },
      "fedcm:accounts": true,
      "goog:chromeOptions": {
         "debuggerAddress": "localhost:61676"
      },
      "networkConnectionEnabled": false,
      "pageLoadStrategy": "normal",
      "platformName": "windows",
      "proxy": {
      },
      "setWindowRect": true,
      "strictFileInteractability": false,
      "timeouts": {
         "implicit": 0,
         "pageLoad": 300000,
         "script": 30000
      },
      "unhandledPromptBehavior": "dismiss and notify",
      "webauthn:extension:credBlob": true,
      "webauthn:extension:largeBlob": true,
      "webauthn:extension:minPinLength": true,
      "webauthn:extension:prf": true,
      "webauthn:virtualAuthenticators": true
   },
   "sessionId": "78ebea723686803b8437f5bd6336c010"
}
